[2024-12-30 21:50:36] local.INFO: optimizar imagen desde job en cola para: jean  
[2024-12-30 21:53:15] local.ERROR: php_network_getaddresses: getaddrinfo for redis failed: Name or service not known {"exception":"[object] (RedisException(code: 0): php_network_getaddresses: getaddrinfo for redis failed: Name or service not known at /var/www/html/vendor/laravel/framework/src/Illuminate/Redis/Connectors/PhpRedisConnector.php:159)
[stacktrace]
#0 /var/www/html/vendor/laravel/framework/src/Illuminate/Redis/Connectors/PhpRedisConnector.php(159): Redis->connect()
#1 /var/www/html/vendor/laravel/framework/src/Illuminate/Redis/Connectors/PhpRedisConnector.php(88): Illuminate\\Redis\\Connectors\\PhpRedisConnector->establishConnection()
#2 /var/www/html/vendor/laravel/framework/src/Illuminate/Support/helpers.php(399): Illuminate\\Redis\\Connectors\\PhpRedisConnector->{closure:Illuminate\\Redis\\Connectors\\PhpRedisConnector::createClient():79}()
#3 /var/www/html/vendor/laravel/framework/src/Illuminate/Redis/Connectors/PhpRedisConnector.php(79): tap()
#4 /var/www/html/vendor/laravel/framework/src/Illuminate/Redis/Connectors/PhpRedisConnector.php(33): Illuminate\\Redis\\Connectors\\PhpRedisConnector->createClient()
#5 [internal function]: Illuminate\\Redis\\Connectors\\PhpRedisConnector->{closure:Illuminate\\Redis\\Connectors\\PhpRedisConnector::connect():32}()
#6 /var/www/html/vendor/laravel/framework/src/Illuminate/Redis/Connections/PhpRedisConnection.php(535): call_user_func()
#7 /var/www/html/vendor/laravel/framework/src/Illuminate/Redis/Connections/PhpRedisConnection.php(448): Illuminate\\Redis\\Connections\\PhpRedisConnection->command()
#8 /var/www/html/vendor/laravel/framework/src/Illuminate/Queue/RedisQueue.php(282): Illuminate\\Redis\\Connections\\PhpRedisConnection->eval()
#9 /var/www/html/vendor/laravel/framework/src/Illuminate/Queue/RedisQueue.php(266): Illuminate\\Queue\\RedisQueue->migrateExpiredJobs()
#10 /var/www/html/vendor/laravel/framework/src/Illuminate/Queue/RedisQueue.php(236): Illuminate\\Queue\\RedisQueue->migrate()
#11 /var/www/html/vendor/laravel/framework/src/Illuminate/Queue/Worker.php(351): Illuminate\\Queue\\RedisQueue->pop()
#12 /var/www/html/vendor/laravel/framework/src/Illuminate/Queue/Worker.php(365): Illuminate\\Queue\\Worker->{closure:Illuminate\\Queue\\Worker::getNextJob():350}()
#13 /var/www/html/vendor/laravel/framework/src/Illuminate/Queue/Worker.php(164): Illuminate\\Queue\\Worker->getNextJob()
#14 /var/www/html/vendor/laravel/framework/src/Illuminate/Queue/Console/WorkCommand.php(149): Illuminate\\Queue\\Worker->daemon()
#15 /var/www/html/vendor/laravel/framework/src/Illuminate/Queue/Console/WorkCommand.php(132): Illuminate\\Queue\\Console\\WorkCommand->runWorker()
#16 /var/www/html/vendor/laravel/framework/src/Illuminate/Container/BoundMethod.php(36): Illuminate\\Queue\\Console\\WorkCommand->handle()
#17 /var/www/html/vendor/laravel/framework/src/Illuminate/Container/Util.php(43): Illuminate\\Container\\BoundMethod::{closure:Illuminate\\Container\\BoundMethod::call():35}()
#18 /var/www/html/vendor/laravel/framework/src/Illuminate/Container/BoundMethod.php(95): Illuminate\\Container\\Util::unwrapIfClosure()
#19 /var/www/html/vendor/laravel/framework/src/Illuminate/Container/BoundMethod.php(35): Illuminate\\Container\\BoundMethod::callBoundMethod()
#20 /var/www/html/vendor/laravel/framework/src/Illuminate/Container/Container.php(694): Illuminate\\Container\\BoundMethod::call()
#21 /var/www/html/vendor/laravel/framework/src/Illuminate/Console/Command.php(213): Illuminate\\Container\\Container->call()
#22 /var/www/html/vendor/symfony/console/Command/Command.php(279): Illuminate\\Console\\Command->execute()
#23 /var/www/html/vendor/laravel/framework/src/Illuminate/Console/Command.php(182): Symfony\\Component\\Console\\Command\\Command->run()
#24 /var/www/html/vendor/symfony/console/Application.php(1094): Illuminate\\Console\\Command->run()
#25 /var/www/html/vendor/symfony/console/Application.php(342): Symfony\\Component\\Console\\Application->doRunCommand()
#26 /var/www/html/vendor/symfony/console/Application.php(193): Symfony\\Component\\Console\\Application->doRun()
#27 /var/www/html/vendor/laravel/framework/src/Illuminate/Foundation/Console/Kernel.php(198): Symfony\\Component\\Console\\Application->run()
#28 /var/www/html/vendor/laravel/framework/src/Illuminate/Foundation/Application.php(1205): Illuminate\\Foundation\\Console\\Kernel->handle()
#29 /var/www/html/artisan(13): Illuminate\\Foundation\\Application->handleCommand()
#30 {main}

[previous exception] [object] (ErrorException(code: 0): Redis::connect(): php_network_getaddresses: getaddrinfo for redis failed: Name or service not known at /var/www/html/vendor/laravel/framework/src/Illuminate/Redis/Connectors/PhpRedisConnector.php:159)
[stacktrace]
#0 /var/www/html/vendor/laravel/framework/src/Illuminate/Foundation/Bootstrap/HandleExceptions.php(290): Illuminate\\Foundation\\Bootstrap\\HandleExceptions->handleError()
#1 [internal function]: Illuminate\\Foundation\\Bootstrap\\HandleExceptions->{closure:Illuminate\\Foundation\\Bootstrap\\HandleExceptions::forwardsTo():289}()
#2 /var/www/html/vendor/laravel/framework/src/Illuminate/Redis/Connectors/PhpRedisConnector.php(159): Redis->connect()
#3 /var/www/html/vendor/laravel/framework/src/Illuminate/Redis/Connectors/PhpRedisConnector.php(88): Illuminate\\Redis\\Connectors\\PhpRedisConnector->establishConnection()
#4 /var/www/html/vendor/laravel/framework/src/Illuminate/Support/helpers.php(399): Illuminate\\Redis\\Connectors\\PhpRedisConnector->{closure:Illuminate\\Redis\\Connectors\\PhpRedisConnector::createClient():79}()
#5 /var/www/html/vendor/laravel/framework/src/Illuminate/Redis/Connectors/PhpRedisConnector.php(79): tap()
#6 /var/www/html/vendor/laravel/framework/src/Illuminate/Redis/Connectors/PhpRedisConnector.php(33): Illuminate\\Redis\\Connectors\\PhpRedisConnector->createClient()
#7 [internal function]: Illuminate\\Redis\\Connectors\\PhpRedisConnector->{closure:Illuminate\\Redis\\Connectors\\PhpRedisConnector::connect():32}()
#8 /var/www/html/vendor/laravel/framework/src/Illuminate/Redis/Connections/PhpRedisConnection.php(535): call_user_func()
#9 /var/www/html/vendor/laravel/framework/src/Illuminate/Redis/Connections/PhpRedisConnection.php(448): Illuminate\\Redis\\Connections\\PhpRedisConnection->command()
#10 /var/www/html/vendor/laravel/framework/src/Illuminate/Queue/RedisQueue.php(282): Illuminate\\Redis\\Connections\\PhpRedisConnection->eval()
#11 /var/www/html/vendor/laravel/framework/src/Illuminate/Queue/RedisQueue.php(266): Illuminate\\Queue\\RedisQueue->migrateExpiredJobs()
#12 /var/www/html/vendor/laravel/framework/src/Illuminate/Queue/RedisQueue.php(236): Illuminate\\Queue\\RedisQueue->migrate()
#13 /var/www/html/vendor/laravel/framework/src/Illuminate/Queue/Worker.php(351): Illuminate\\Queue\\RedisQueue->pop()
#14 /var/www/html/vendor/laravel/framework/src/Illuminate/Queue/Worker.php(365): Illuminate\\Queue\\Worker->{closure:Illuminate\\Queue\\Worker::getNextJob():350}()
#15 /var/www/html/vendor/laravel/framework/src/Illuminate/Queue/Worker.php(164): Illuminate\\Queue\\Worker->getNextJob()
#16 /var/www/html/vendor/laravel/framework/src/Illuminate/Queue/Console/WorkCommand.php(149): Illuminate\\Queue\\Worker->daemon()
#17 /var/www/html/vendor/laravel/framework/src/Illuminate/Queue/Console/WorkCommand.php(132): Illuminate\\Queue\\Console\\WorkCommand->runWorker()
#18 /var/www/html/vendor/laravel/framework/src/Illuminate/Container/BoundMethod.php(36): Illuminate\\Queue\\Console\\WorkCommand->handle()
#19 /var/www/html/vendor/laravel/framework/src/Illuminate/Container/Util.php(43): Illuminate\\Container\\BoundMethod::{closure:Illuminate\\Container\\BoundMethod::call():35}()
#20 /var/www/html/vendor/laravel/framework/src/Illuminate/Container/BoundMethod.php(95): Illuminate\\Container\\Util::unwrapIfClosure()
#21 /var/www/html/vendor/laravel/framework/src/Illuminate/Container/BoundMethod.php(35): Illuminate\\Container\\BoundMethod::callBoundMethod()
#22 /var/www/html/vendor/laravel/framework/src/Illuminate/Container/Container.php(694): Illuminate\\Container\\BoundMethod::call()
#23 /var/www/html/vendor/laravel/framework/src/Illuminate/Console/Command.php(213): Illuminate\\Container\\Container->call()
#24 /var/www/html/vendor/symfony/console/Command/Command.php(279): Illuminate\\Console\\Command->execute()
#25 /var/www/html/vendor/laravel/framework/src/Illuminate/Console/Command.php(182): Symfony\\Component\\Console\\Command\\Command->run()
#26 /var/www/html/vendor/symfony/console/Application.php(1094): Illuminate\\Console\\Command->run()
#27 /var/www/html/vendor/symfony/console/Application.php(342): Symfony\\Component\\Console\\Application->doRunCommand()
#28 /var/www/html/vendor/symfony/console/Application.php(193): Symfony\\Component\\Console\\Application->doRun()
#29 /var/www/html/vendor/laravel/framework/src/Illuminate/Foundation/Console/Kernel.php(198): Symfony\\Component\\Console\\Application->run()
#30 /var/www/html/vendor/laravel/framework/src/Illuminate/Foundation/Application.php(1205): Illuminate\\Foundation\\Console\\Kernel->handle()
#31 /var/www/html/artisan(13): Illuminate\\Foundation\\Application->handleCommand()
#32 {main}
"} 
[2024-12-30 21:53:19] local.ERROR: Redis server redis:6379 went away {"exception":"[object] (RedisException(code: 0): Redis server redis:6379 went away at /var/www/html/vendor/laravel/framework/src/Illuminate/Redis/Connections/Connection.php:116)
[stacktrace]
#0 /var/www/html/vendor/laravel/framework/src/Illuminate/Redis/Connections/Connection.php(116): Redis->eval()
#1 /var/www/html/vendor/laravel/framework/src/Illuminate/Redis/Connections/PhpRedisConnection.php(531): Illuminate\\Redis\\Connections\\Connection->command()
#2 /var/www/html/vendor/laravel/framework/src/Illuminate/Redis/Connections/PhpRedisConnection.php(448): Illuminate\\Redis\\Connections\\PhpRedisConnection->command()
#3 /var/www/html/vendor/laravel/framework/src/Illuminate/Queue/RedisQueue.php(282): Illuminate\\Redis\\Connections\\PhpRedisConnection->eval()
#4 /var/www/html/vendor/laravel/framework/src/Illuminate/Queue/RedisQueue.php(266): Illuminate\\Queue\\RedisQueue->migrateExpiredJobs()
#5 /var/www/html/vendor/laravel/framework/src/Illuminate/Queue/RedisQueue.php(236): Illuminate\\Queue\\RedisQueue->migrate()
#6 /var/www/html/vendor/laravel/framework/src/Illuminate/Queue/Worker.php(351): Illuminate\\Queue\\RedisQueue->pop()
#7 /var/www/html/vendor/laravel/framework/src/Illuminate/Queue/Worker.php(365): Illuminate\\Queue\\Worker->{closure:Illuminate\\Queue\\Worker::getNextJob():350}()
#8 /var/www/html/vendor/laravel/framework/src/Illuminate/Queue/Worker.php(164): Illuminate\\Queue\\Worker->getNextJob()
#9 /var/www/html/vendor/laravel/framework/src/Illuminate/Queue/Console/WorkCommand.php(149): Illuminate\\Queue\\Worker->daemon()
#10 /var/www/html/vendor/laravel/framework/src/Illuminate/Queue/Console/WorkCommand.php(132): Illuminate\\Queue\\Console\\WorkCommand->runWorker()
#11 /var/www/html/vendor/laravel/framework/src/Illuminate/Container/BoundMethod.php(36): Illuminate\\Queue\\Console\\WorkCommand->handle()
#12 /var/www/html/vendor/laravel/framework/src/Illuminate/Container/Util.php(43): Illuminate\\Container\\BoundMethod::{closure:Illuminate\\Container\\BoundMethod::call():35}()
#13 /var/www/html/vendor/laravel/framework/src/Illuminate/Container/BoundMethod.php(95): Illuminate\\Container\\Util::unwrapIfClosure()
#14 /var/www/html/vendor/laravel/framework/src/Illuminate/Container/BoundMethod.php(35): Illuminate\\Container\\BoundMethod::callBoundMethod()
#15 /var/www/html/vendor/laravel/framework/src/Illuminate/Container/Container.php(694): Illuminate\\Container\\BoundMethod::call()
#16 /var/www/html/vendor/laravel/framework/src/Illuminate/Console/Command.php(213): Illuminate\\Container\\Container->call()
#17 /var/www/html/vendor/symfony/console/Command/Command.php(279): Illuminate\\Console\\Command->execute()
#18 /var/www/html/vendor/laravel/framework/src/Illuminate/Console/Command.php(182): Symfony\\Component\\Console\\Command\\Command->run()
#19 /var/www/html/vendor/symfony/console/Application.php(1094): Illuminate\\Console\\Command->run()
#20 /var/www/html/vendor/symfony/console/Application.php(342): Symfony\\Component\\Console\\Application->doRunCommand()
#21 /var/www/html/vendor/symfony/console/Application.php(193): Symfony\\Component\\Console\\Application->doRun()
#22 /var/www/html/vendor/laravel/framework/src/Illuminate/Foundation/Console/Kernel.php(198): Symfony\\Component\\Console\\Application->run()
#23 /var/www/html/vendor/laravel/framework/src/Illuminate/Foundation/Application.php(1205): Illuminate\\Foundation\\Console\\Kernel->handle()
#24 /var/www/html/artisan(13): Illuminate\\Foundation\\Application->handleCommand()
#25 {main}
"} 
